Problem:    modelo
Rows:       471
Columns:    397 (396 integer, 396 binary)
Non-zeros:  2286
Status:     INTEGER OPTIMAL
Objective:  0 (MINimum)

   No.   Row name        Activity     Lower bound   Upper bound
------ ------------    ------------- ------------- -------------
     1 job_assignment[1]
                                   1             1             = 
     2 job_assignment[2]
                                   1             1             = 
     3 job_assignment[3]
                                   1             1             = 
     4 job_assignment[4]
                                   1             1             = 
     5 job_assignment[5]
                                   1             1             = 
     6 job_assignment[6]
                                   1             1             = 
     7 job_assignment[7]
                                   1             1             = 
     8 job_assignment[8]
                                   1             1             = 
     9 job_assignment[9]
                                   1             1             = 
    10 job_assignment[10]
                                   1             1             = 
    11 job_assignment[11]
                                   1             1             = 
    12 job_assignment[12]
                                   1             1             = 
    13 job_assignment[13]
                                   1             1             = 
    14 job_assignment[14]
                                   1             1             = 
    15 job_assignment[15]
                                   1             1             = 
    16 job_assignment[16]
                                   1             1             = 
    17 job_assignment[17]
                                   1             1             = 
    18 job_assignment[18]
                                   1             1             = 
    19 job_assignment[19]
                                   1             1             = 
    20 job_assignment[20]
                                   1             1             = 
    21 time_limit[1]
                                 157                         172 
    22 time_limit[2]
                                 171                         172 
    23 time_limit[3]
                                  93                         172 
    24 time_limit[4]
                                  65                         172 
    25 time_limit[5]
                                  84                         172 
    26 time_limit[6]
                                 169                         172 
    27 time_limit[7]
                                 111                         172 
    28 time_limit[8]
                                 131                         172 
    29 time_limit[9]
                                   6                         172 
    30 time_limit[10]
                                 157                         172 
    31 time_limit[11]
                                  75                         172 
    32 time_limit[12]
                                   0                         172 
    33 time_limit[13]
                                 145                         172 
    34 time_limit[14]
                                 115                         172 
    35 time_limit[15]
                                 168                         172 
    36 time_limit[16]
                                   2                         172 
    37 time_limit[17]
                                  24                         172 
    38 time_limit[18]
                                   9                         172 
    39 resource_limit[1]
                                 155                         162 
    40 resource_limit[2]
                                 150                         162 
    41 resource_limit[3]
                                 115                         162 
    42 resource_limit[4]
                                 131                         162 
    43 resource_limit[5]
                                 140                         162 
    44 resource_limit[6]
                                  97                         162 
    45 resource_limit[7]
                                  95                         162 
    46 resource_limit[8]
                                 148                         162 
    47 resource_limit[9]
                                 112                         162 
    48 resource_limit[10]
                                 105                         162 
    49 resource_limit[11]
                                  71                         162 
    50 resource_limit[12]
                                   0                         162 
    51 resource_limit[13]
                                  94                         162 
    52 resource_limit[14]
                                 157                         162 
    53 resource_limit[15]
                                 100                         162 
    54 resource_limit[16]
                                  97                         162 
    55 resource_limit[17]
                                 128                         162 
    56 resource_limit[18]
                                 145                         162 
    57 job_assignment_limit[1,1]
                                  -1                          -0 
    58 job_assignment_limit[1,2]
                                  -1                          -0 
    59 job_assignment_limit[1,3]
                                   0                          -0 
    60 job_assignment_limit[1,4]
                                  -1                          -0 
    61 job_assignment_limit[1,5]
                                  -1                          -0 
    62 job_assignment_limit[1,6]
                                  -1                          -0 
    63 job_assignment_limit[1,7]
                                  -1                          -0 
    64 job_assignment_limit[1,8]
                                  -1                          -0 
    65 job_assignment_limit[1,9]
                                  -1                          -0 
    66 job_assignment_limit[1,10]
                                  -1                          -0 
    67 job_assignment_limit[1,11]
                                  -1                          -0 
    68 job_assignment_limit[1,12]
                                  -1                          -0 
    69 job_assignment_limit[1,13]
                                  -1                          -0 
    70 job_assignment_limit[1,14]
                                  -1                          -0 
    71 job_assignment_limit[1,15]
                                  -1                          -0 
    72 job_assignment_limit[1,16]
                                  -1                          -0 
    73 job_assignment_limit[1,17]
                                  -1                          -0 
    74 job_assignment_limit[1,18]
                                  -1                          -0 
    75 job_assignment_limit[1,19]
                                  -1                          -0 
    76 job_assignment_limit[1,20]
                                  -1                          -0 
    77 job_assignment_limit[2,1]
                                  -1                          -0 
    78 job_assignment_limit[2,2]
                                  -1                          -0 
    79 job_assignment_limit[2,3]
                                  -1                          -0 
    80 job_assignment_limit[2,4]
                                  -1                          -0 
    81 job_assignment_limit[2,5]
                                   0                          -0 
    82 job_assignment_limit[2,6]
                                  -1                          -0 
    83 job_assignment_limit[2,7]
                                  -1                          -0 
    84 job_assignment_limit[2,8]
                                  -1                          -0 
    85 job_assignment_limit[2,9]
                                  -1                          -0 
    86 job_assignment_limit[2,10]
                                  -1                          -0 
    87 job_assignment_limit[2,11]
                                  -1                          -0 
    88 job_assignment_limit[2,12]
                                  -1                          -0 
    89 job_assignment_limit[2,13]
                                  -1                          -0 
    90 job_assignment_limit[2,14]
                                  -1                          -0 
    91 job_assignment_limit[2,15]
                                  -1                          -0 
    92 job_assignment_limit[2,16]
                                   0                          -0 
    93 job_assignment_limit[2,17]
                                  -1                          -0 
    94 job_assignment_limit[2,18]
                                  -1                          -0 
    95 job_assignment_limit[2,19]
                                  -1                          -0 
    96 job_assignment_limit[2,20]
                                  -1                          -0 
    97 job_assignment_limit[3,1]
                                   0                          -0 
    98 job_assignment_limit[3,2]
                                  -1                          -0 
    99 job_assignment_limit[3,3]
                                  -1                          -0 
   100 job_assignment_limit[3,4]
                                  -1                          -0 
   101 job_assignment_limit[3,5]
                                  -1                          -0 
   102 job_assignment_limit[3,6]
                                  -1                          -0 
   103 job_assignment_limit[3,7]
                                  -1                          -0 
   104 job_assignment_limit[3,8]
                                  -1                          -0 
   105 job_assignment_limit[3,9]
                                  -1                          -0 
   106 job_assignment_limit[3,10]
                                  -1                          -0 
   107 job_assignment_limit[3,11]
                                  -1                          -0 
   108 job_assignment_limit[3,12]
                                  -1                          -0 
   109 job_assignment_limit[3,13]
                                  -1                          -0 
   110 job_assignment_limit[3,14]
                                  -1                          -0 
   111 job_assignment_limit[3,15]
                                  -1                          -0 
   112 job_assignment_limit[3,16]
                                  -1                          -0 
   113 job_assignment_limit[3,17]
                                  -1                          -0 
   114 job_assignment_limit[3,18]
                                  -1                          -0 
   115 job_assignment_limit[3,19]
                                  -1                          -0 
   116 job_assignment_limit[3,20]
                                  -1                          -0 
   117 job_assignment_limit[4,1]
                                  -1                          -0 
   118 job_assignment_limit[4,2]
                                  -1                          -0 
   119 job_assignment_limit[4,3]
                                  -1                          -0 
   120 job_assignment_limit[4,4]
                                  -1                          -0 
   121 job_assignment_limit[4,5]
                                  -1                          -0 
   122 job_assignment_limit[4,6]
                                  -1                          -0 
   123 job_assignment_limit[4,7]
                                  -1                          -0 
   124 job_assignment_limit[4,8]
                                  -1                          -0 
   125 job_assignment_limit[4,9]
                                   0                          -0 
   126 job_assignment_limit[4,10]
                                  -1                          -0 
   127 job_assignment_limit[4,11]
                                  -1                          -0 
   128 job_assignment_limit[4,12]
                                  -1                          -0 
   129 job_assignment_limit[4,13]
                                  -1                          -0 
   130 job_assignment_limit[4,14]
                                  -1                          -0 
   131 job_assignment_limit[4,15]
                                  -1                          -0 
   132 job_assignment_limit[4,16]
                                  -1                          -0 
   133 job_assignment_limit[4,17]
                                  -1                          -0 
   134 job_assignment_limit[4,18]
                                  -1                          -0 
   135 job_assignment_limit[4,19]
                                  -1                          -0 
   136 job_assignment_limit[4,20]
                                  -1                          -0 
   137 job_assignment_limit[5,1]
                                  -1                          -0 
   138 job_assignment_limit[5,2]
                                  -1                          -0 
   139 job_assignment_limit[5,3]
                                  -1                          -0 
   140 job_assignment_limit[5,4]
                                  -1                          -0 
   141 job_assignment_limit[5,5]
                                  -1                          -0 
   142 job_assignment_limit[5,6]
                                  -1                          -0 
   143 job_assignment_limit[5,7]
                                  -1                          -0 
   144 job_assignment_limit[5,8]
                                  -1                          -0 
   145 job_assignment_limit[5,9]
                                  -1                          -0 
   146 job_assignment_limit[5,10]
                                  -1                          -0 
   147 job_assignment_limit[5,11]
                                  -1                          -0 
   148 job_assignment_limit[5,12]
                                   0                          -0 
   149 job_assignment_limit[5,13]
                                  -1                          -0 
   150 job_assignment_limit[5,14]
                                  -1                          -0 
   151 job_assignment_limit[5,15]
                                  -1                          -0 
   152 job_assignment_limit[5,16]
                                  -1                          -0 
   153 job_assignment_limit[5,17]
                                  -1                          -0 
   154 job_assignment_limit[5,18]
                                  -1                          -0 
   155 job_assignment_limit[5,19]
                                  -1                          -0 
   156 job_assignment_limit[5,20]
                                  -1                          -0 
   157 job_assignment_limit[6,1]
                                  -1                          -0 
   158 job_assignment_limit[6,2]
                                  -1                          -0 
   159 job_assignment_limit[6,3]
                                  -1                          -0 
   160 job_assignment_limit[6,4]
                                  -1                          -0 
   161 job_assignment_limit[6,5]
                                  -1                          -0 
   162 job_assignment_limit[6,6]
                                  -1                          -0 
   163 job_assignment_limit[6,7]
                                  -1                          -0 
   164 job_assignment_limit[6,8]
                                  -1                          -0 
   165 job_assignment_limit[6,9]
                                  -1                          -0 
   166 job_assignment_limit[6,10]
                                  -1                          -0 
   167 job_assignment_limit[6,11]
                                  -1                          -0 
   168 job_assignment_limit[6,12]
                                  -1                          -0 
   169 job_assignment_limit[6,13]
                                  -1                          -0 
   170 job_assignment_limit[6,14]
                                  -1                          -0 
   171 job_assignment_limit[6,15]
                                  -1                          -0 
   172 job_assignment_limit[6,16]
                                  -1                          -0 
   173 job_assignment_limit[6,17]
                                   0                          -0 
   174 job_assignment_limit[6,18]
                                   0                          -0 
   175 job_assignment_limit[6,19]
                                  -1                          -0 
   176 job_assignment_limit[6,20]
                                  -1                          -0 
   177 job_assignment_limit[7,1]
                                  -1                          -0 
   178 job_assignment_limit[7,2]
                                  -1                          -0 
   179 job_assignment_limit[7,3]
                                  -1                          -0 
   180 job_assignment_limit[7,4]
                                   0                          -0 
   181 job_assignment_limit[7,5]
                                  -1                          -0 
   182 job_assignment_limit[7,6]
                                  -1                          -0 
   183 job_assignment_limit[7,7]
                                  -1                          -0 
   184 job_assignment_limit[7,8]
                                  -1                          -0 
   185 job_assignment_limit[7,9]
                                  -1                          -0 
   186 job_assignment_limit[7,10]
                                  -1                          -0 
   187 job_assignment_limit[7,11]
                                  -1                          -0 
   188 job_assignment_limit[7,12]
                                  -1                          -0 
   189 job_assignment_limit[7,13]
                                  -1                          -0 
   190 job_assignment_limit[7,14]
                                  -1                          -0 
   191 job_assignment_limit[7,15]
                                  -1                          -0 
   192 job_assignment_limit[7,16]
                                  -1                          -0 
   193 job_assignment_limit[7,17]
                                  -1                          -0 
   194 job_assignment_limit[7,18]
                                  -1                          -0 
   195 job_assignment_limit[7,19]
                                  -1                          -0 
   196 job_assignment_limit[7,20]
                                  -1                          -0 
   197 job_assignment_limit[8,1]
                                  -1                          -0 
   198 job_assignment_limit[8,2]
                                   0                          -0 
   199 job_assignment_limit[8,3]
                                  -1                          -0 
   200 job_assignment_limit[8,4]
                                  -1                          -0 
   201 job_assignment_limit[8,5]
                                  -1                          -0 
   202 job_assignment_limit[8,6]
                                  -1                          -0 
   203 job_assignment_limit[8,7]
                                  -1                          -0 
   204 job_assignment_limit[8,8]
                                  -1                          -0 
   205 job_assignment_limit[8,9]
                                  -1                          -0 
   206 job_assignment_limit[8,10]
                                   0                          -0 
   207 job_assignment_limit[8,11]
                                  -1                          -0 
   208 job_assignment_limit[8,12]
                                  -1                          -0 
   209 job_assignment_limit[8,13]
                                  -1                          -0 
   210 job_assignment_limit[8,14]
                                  -1                          -0 
   211 job_assignment_limit[8,15]
                                  -1                          -0 
   212 job_assignment_limit[8,16]
                                  -1                          -0 
   213 job_assignment_limit[8,17]
                                  -1                          -0 
   214 job_assignment_limit[8,18]
                                  -1                          -0 
   215 job_assignment_limit[8,19]
                                  -1                          -0 
   216 job_assignment_limit[8,20]
                                  -1                          -0 
   217 job_assignment_limit[9,1]
                                  -1                          -0 
   218 job_assignment_limit[9,2]
                                  -1                          -0 
   219 job_assignment_limit[9,3]
                                  -1                          -0 
   220 job_assignment_limit[9,4]
                                  -1                          -0 
   221 job_assignment_limit[9,5]
                                  -1                          -0 
   222 job_assignment_limit[9,6]
                                  -1                          -0 
   223 job_assignment_limit[9,7]
                                  -1                          -0 
   224 job_assignment_limit[9,8]
                                  -1                          -0 
   225 job_assignment_limit[9,9]
                                  -1                          -0 
   226 job_assignment_limit[9,10]
                                  -1                          -0 
   227 job_assignment_limit[9,11]
                                  -1                          -0 
   228 job_assignment_limit[9,12]
                                  -1                          -0 
   229 job_assignment_limit[9,13]
                                  -1                          -0 
   230 job_assignment_limit[9,14]
                                   0                          -0 
   231 job_assignment_limit[9,15]
                                  -1                          -0 
   232 job_assignment_limit[9,16]
                                  -1                          -0 
   233 job_assignment_limit[9,17]
                                  -1                          -0 
   234 job_assignment_limit[9,18]
                                  -1                          -0 
   235 job_assignment_limit[9,19]
                                  -1                          -0 
   236 job_assignment_limit[9,20]
                                  -1                          -0 
   237 job_assignment_limit[10,1]
                                  -1                          -0 
   238 job_assignment_limit[10,2]
                                  -1                          -0 
   239 job_assignment_limit[10,3]
                                  -1                          -0 
   240 job_assignment_limit[10,4]
                                  -1                          -0 
   241 job_assignment_limit[10,5]
                                  -1                          -0 
   242 job_assignment_limit[10,6]
                                  -1                          -0 
   243 job_assignment_limit[10,7]
                                   0                          -0 
   244 job_assignment_limit[10,8]
                                  -1                          -0 
   245 job_assignment_limit[10,9]
                                  -1                          -0 
   246 job_assignment_limit[10,10]
                                  -1                          -0 
   247 job_assignment_limit[10,11]
                                  -1                          -0 
   248 job_assignment_limit[10,12]
                                  -1                          -0 
   249 job_assignment_limit[10,13]
                                  -1                          -0 
   250 job_assignment_limit[10,14]
                                  -1                          -0 
   251 job_assignment_limit[10,15]
                                  -1                          -0 
   252 job_assignment_limit[10,16]
                                  -1                          -0 
   253 job_assignment_limit[10,17]
                                  -1                          -0 
   254 job_assignment_limit[10,18]
                                  -1                          -0 
   255 job_assignment_limit[10,19]
                                  -1                          -0 
   256 job_assignment_limit[10,20]
                                  -1                          -0 
   257 job_assignment_limit[11,1]
                                  -1                          -0 
   258 job_assignment_limit[11,2]
                                  -1                          -0 
   259 job_assignment_limit[11,3]
                                  -1                          -0 
   260 job_assignment_limit[11,4]
                                  -1                          -0 
   261 job_assignment_limit[11,5]
                                  -1                          -0 
   262 job_assignment_limit[11,6]
                                  -1                          -0 
   263 job_assignment_limit[11,7]
                                  -1                          -0 
   264 job_assignment_limit[11,8]
                                  -1                          -0 
   265 job_assignment_limit[11,9]
                                  -1                          -0 
   266 job_assignment_limit[11,10]
                                  -1                          -0 
   267 job_assignment_limit[11,11]
                                  -1                          -0 
   268 job_assignment_limit[11,12]
                                  -1                          -0 
   269 job_assignment_limit[11,13]
                                   0                          -0 
   270 job_assignment_limit[11,14]
                                  -1                          -0 
   271 job_assignment_limit[11,15]
                                  -1                          -0 
   272 job_assignment_limit[11,16]
                                  -1                          -0 
   273 job_assignment_limit[11,17]
                                  -1                          -0 
   274 job_assignment_limit[11,18]
                                  -1                          -0 
   275 job_assignment_limit[11,19]
                                  -1                          -0 
   276 job_assignment_limit[11,20]
                                  -1                          -0 
   277 job_assignment_limit[12,1]
                                   0                          -0 
   278 job_assignment_limit[12,2]
                                   0                          -0 
   279 job_assignment_limit[12,3]
                                   0                          -0 
   280 job_assignment_limit[12,4]
                                   0                          -0 
   281 job_assignment_limit[12,5]
                                   0                          -0 
   282 job_assignment_limit[12,6]
                                   0                          -0 
   283 job_assignment_limit[12,7]
                                   0                          -0 
   284 job_assignment_limit[12,8]
                                   0                          -0 
   285 job_assignment_limit[12,9]
                                   0                          -0 
   286 job_assignment_limit[12,10]
                                   0                          -0 
   287 job_assignment_limit[12,11]
                                   0                          -0 
   288 job_assignment_limit[12,12]
                                   0                          -0 
   289 job_assignment_limit[12,13]
                                   0                          -0 
   290 job_assignment_limit[12,14]
                                   0                          -0 
   291 job_assignment_limit[12,15]
                                   0                          -0 
   292 job_assignment_limit[12,16]
                                   0                          -0 
   293 job_assignment_limit[12,17]
                                   0                          -0 
   294 job_assignment_limit[12,18]
                                   0                          -0 
   295 job_assignment_limit[12,19]
                                   0                          -0 
   296 job_assignment_limit[12,20]
                                   0                          -0 
   297 job_assignment_limit[13,1]
                                  -1                          -0 
   298 job_assignment_limit[13,2]
                                  -1                          -0 
   299 job_assignment_limit[13,3]
                                  -1                          -0 
   300 job_assignment_limit[13,4]
                                  -1                          -0 
   301 job_assignment_limit[13,5]
                                  -1                          -0 
   302 job_assignment_limit[13,6]
                                   0                          -0 
   303 job_assignment_limit[13,7]
                                  -1                          -0 
   304 job_assignment_limit[13,8]
                                  -1                          -0 
   305 job_assignment_limit[13,9]
                                  -1                          -0 
   306 job_assignment_limit[13,10]
                                  -1                          -0 
   307 job_assignment_limit[13,11]
                                  -1                          -0 
   308 job_assignment_limit[13,12]
                                  -1                          -0 
   309 job_assignment_limit[13,13]
                                  -1                          -0 
   310 job_assignment_limit[13,14]
                                  -1                          -0 
   311 job_assignment_limit[13,15]
                                  -1                          -0 
   312 job_assignment_limit[13,16]
                                  -1                          -0 
   313 job_assignment_limit[13,17]
                                  -1                          -0 
   314 job_assignment_limit[13,18]
                                  -1                          -0 
   315 job_assignment_limit[13,19]
                                  -1                          -0 
   316 job_assignment_limit[13,20]
                                  -1                          -0 
   317 job_assignment_limit[14,1]
                                  -1                          -0 
   318 job_assignment_limit[14,2]
                                  -1                          -0 
   319 job_assignment_limit[14,3]
                                  -1                          -0 
   320 job_assignment_limit[14,4]
                                  -1                          -0 
   321 job_assignment_limit[14,5]
                                  -1                          -0 
   322 job_assignment_limit[14,6]
                                  -1                          -0 
   323 job_assignment_limit[14,7]
                                  -1                          -0 
   324 job_assignment_limit[14,8]
                                   0                          -0 
   325 job_assignment_limit[14,9]
                                  -1                          -0 
   326 job_assignment_limit[14,10]
                                  -1                          -0 
   327 job_assignment_limit[14,11]
                                  -1                          -0 
   328 job_assignment_limit[14,12]
                                  -1                          -0 
   329 job_assignment_limit[14,13]
                                  -1                          -0 
   330 job_assignment_limit[14,14]
                                  -1                          -0 
   331 job_assignment_limit[14,15]
                                  -1                          -0 
   332 job_assignment_limit[14,16]
                                  -1                          -0 
   333 job_assignment_limit[14,17]
                                  -1                          -0 
   334 job_assignment_limit[14,18]
                                  -1                          -0 
   335 job_assignment_limit[14,19]
                                  -1                          -0 
   336 job_assignment_limit[14,20]
                                  -1                          -0 
   337 job_assignment_limit[15,1]
                                  -1                          -0 
   338 job_assignment_limit[15,2]
                                  -1                          -0 
   339 job_assignment_limit[15,3]
                                  -1                          -0 
   340 job_assignment_limit[15,4]
                                  -1                          -0 
   341 job_assignment_limit[15,5]
                                  -1                          -0 
   342 job_assignment_limit[15,6]
                                  -1                          -0 
   343 job_assignment_limit[15,7]
                                  -1                          -0 
   344 job_assignment_limit[15,8]
                                  -1                          -0 
   345 job_assignment_limit[15,9]
                                  -1                          -0 
   346 job_assignment_limit[15,10]
                                  -1                          -0 
   347 job_assignment_limit[15,11]
                                  -1                          -0 
   348 job_assignment_limit[15,12]
                                  -1                          -0 
   349 job_assignment_limit[15,13]
                                  -1                          -0 
   350 job_assignment_limit[15,14]
                                  -1                          -0 
   351 job_assignment_limit[15,15]
                                   0                          -0 
   352 job_assignment_limit[15,16]
                                  -1                          -0 
   353 job_assignment_limit[15,17]
                                  -1                          -0 
   354 job_assignment_limit[15,18]
                                  -1                          -0 
   355 job_assignment_limit[15,19]
                                  -1                          -0 
   356 job_assignment_limit[15,20]
                                  -1                          -0 
   357 job_assignment_limit[16,1]
                                  -1                          -0 
   358 job_assignment_limit[16,2]
                                  -1                          -0 
   359 job_assignment_limit[16,3]
                                  -1                          -0 
   360 job_assignment_limit[16,4]
                                  -1                          -0 
   361 job_assignment_limit[16,5]
                                  -1                          -0 
   362 job_assignment_limit[16,6]
                                  -1                          -0 
   363 job_assignment_limit[16,7]
                                  -1                          -0 
   364 job_assignment_limit[16,8]
                                  -1                          -0 
   365 job_assignment_limit[16,9]
                                  -1                          -0 
   366 job_assignment_limit[16,10]
                                  -1                          -0 
   367 job_assignment_limit[16,11]
                                  -1                          -0 
   368 job_assignment_limit[16,12]
                                  -1                          -0 
   369 job_assignment_limit[16,13]
                                  -1                          -0 
   370 job_assignment_limit[16,14]
                                  -1                          -0 
   371 job_assignment_limit[16,15]
                                  -1                          -0 
   372 job_assignment_limit[16,16]
                                  -1                          -0 
   373 job_assignment_limit[16,17]
                                  -1                          -0 
   374 job_assignment_limit[16,18]
                                  -1                          -0 
   375 job_assignment_limit[16,19]
                                   0                          -0 
   376 job_assignment_limit[16,20]
                                  -1                          -0 
   377 job_assignment_limit[17,1]
                                  -1                          -0 
   378 job_assignment_limit[17,2]
                                  -1                          -0 
   379 job_assignment_limit[17,3]
                                  -1                          -0 
   380 job_assignment_limit[17,4]
                                  -1                          -0 
   381 job_assignment_limit[17,5]
                                  -1                          -0 
   382 job_assignment_limit[17,6]
                                  -1                          -0 
   383 job_assignment_limit[17,7]
                                  -1                          -0 
   384 job_assignment_limit[17,8]
                                  -1                          -0 
   385 job_assignment_limit[17,9]
                                  -1                          -0 
   386 job_assignment_limit[17,10]
                                  -1                          -0 
   387 job_assignment_limit[17,11]
                                   0                          -0 
   388 job_assignment_limit[17,12]
                                  -1                          -0 
   389 job_assignment_limit[17,13]
                                  -1                          -0 
   390 job_assignment_limit[17,14]
                                  -1                          -0 
   391 job_assignment_limit[17,15]
                                  -1                          -0 
   392 job_assignment_limit[17,16]
                                  -1                          -0 
   393 job_assignment_limit[17,17]
                                  -1                          -0 
   394 job_assignment_limit[17,18]
                                  -1                          -0 
   395 job_assignment_limit[17,19]
                                  -1                          -0 
   396 job_assignment_limit[17,20]
                                  -1                          -0 
   397 job_assignment_limit[18,1]
                                  -1                          -0 
   398 job_assignment_limit[18,2]
                                  -1                          -0 
   399 job_assignment_limit[18,3]
                                  -1                          -0 
   400 job_assignment_limit[18,4]
                                  -1                          -0 
   401 job_assignment_limit[18,5]
                                  -1                          -0 
   402 job_assignment_limit[18,6]
                                  -1                          -0 
   403 job_assignment_limit[18,7]
                                  -1                          -0 
   404 job_assignment_limit[18,8]
                                  -1                          -0 
   405 job_assignment_limit[18,9]
                                  -1                          -0 
   406 job_assignment_limit[18,10]
                                  -1                          -0 
   407 job_assignment_limit[18,11]
                                  -1                          -0 
   408 job_assignment_limit[18,12]
                                  -1                          -0 
   409 job_assignment_limit[18,13]
                                  -1                          -0 
   410 job_assignment_limit[18,14]
                                  -1                          -0 
   411 job_assignment_limit[18,15]
                                  -1                          -0 
   412 job_assignment_limit[18,16]
                                  -1                          -0 
   413 job_assignment_limit[18,17]
                                  -1                          -0 
   414 job_assignment_limit[18,18]
                                  -1                          -0 
   415 job_assignment_limit[18,19]
                                  -1                          -0 
   416 job_assignment_limit[18,20]
                                   0                          -0 
   417 longest_idle_time
                                   1             1             = 
   418 longest_idle_time_limit[1]
                                  -1                          -0 
   419 longest_idle_time_limit[2]
                                  -1                          -0 
   420 longest_idle_time_limit[3]
                                  -1                          -0 
   421 longest_idle_time_limit[4]
                                  -1                          -0 
   422 longest_idle_time_limit[5]
                                  -1                          -0 
   423 longest_idle_time_limit[6]
                                  -1                          -0 
   424 longest_idle_time_limit[7]
                                  -1                          -0 
   425 longest_idle_time_limit[8]
                                  -1                          -0 
   426 longest_idle_time_limit[9]
                                  -1                          -0 
   427 longest_idle_time_limit[10]
                                  -1                          -0 
   428 longest_idle_time_limit[11]
                                  -1                          -0 
   429 longest_idle_time_limit[12]
                                   0                          -0 
   430 longest_idle_time_limit[13]
                                  -1                          -0 
   431 longest_idle_time_limit[14]
                                  -1                          -0 
   432 longest_idle_time_limit[15]
                                  -1                          -0 
   433 longest_idle_time_limit[16]
                                  -1                          -0 
   434 longest_idle_time_limit[17]
                                  -1                          -0 
   435 longest_idle_time_limit[18]
                                   0                          -0 
   436 slack_constraint[1]
                              999985                       1e+06 
   437 slack_constraint[2]
                              999999                       1e+06 
   438 slack_constraint[3]
                              999921                       1e+06 
   439 slack_constraint[4]
                              999893                       1e+06 
   440 slack_constraint[5]
                              999912                       1e+06 
   441 slack_constraint[6]
                              999997                       1e+06 
   442 slack_constraint[7]
                              999939                       1e+06 
   443 slack_constraint[8]
                              999959                       1e+06 
   444 slack_constraint[9]
                              999834                       1e+06 
   445 slack_constraint[10]
                              999985                       1e+06 
   446 slack_constraint[11]
                              999903                       1e+06 
   447 slack_constraint[12]
                               1e+06                       1e+06 
   448 slack_constraint[13]
                              999973                       1e+06 
   449 slack_constraint[14]
                              999943                       1e+06 
   450 slack_constraint[15]
                              999996                       1e+06 
   451 slack_constraint[16]
                              999830                       1e+06 
   452 slack_constraint[17]
                              999852                       1e+06 
   453 slack_constraint[18]
                              999838                       1e+06 
   454 non_negativity_y[1]
                                   1            -0               
   455 non_negativity_y[2]
                                   1            -0               
   456 non_negativity_y[3]
                                   1            -0               
   457 non_negativity_y[4]
                                   1            -0               
   458 non_negativity_y[5]
                                   1            -0               
   459 non_negativity_y[6]
                                   1            -0               
   460 non_negativity_y[7]
                                   1            -0               
   461 non_negativity_y[8]
                                   1            -0               
   462 non_negativity_y[9]
                                   1            -0               
   463 non_negativity_y[10]
                                   1            -0               
   464 non_negativity_y[11]
                                   1            -0               
   465 non_negativity_y[12]
                                   0            -0               
   466 non_negativity_y[13]
                                   1            -0               
   467 non_negativity_y[14]
                                   1            -0               
   468 non_negativity_y[15]
                                   1            -0               
   469 non_negativity_y[16]
                                   1            -0               
   470 non_negativity_y[17]
                                   1            -0               
   471 non_negativity_y[18]
                                   1            -0               

   No. Column name       Activity     Lower bound   Upper bound
------ ------------    ------------- ------------- -------------
     1 X[1,1]       *              0             0             1 
     2 X[2,1]       *              0             0             1 
     3 X[3,1]       *              1             0             1 
     4 X[4,1]       *              0             0             1 
     5 X[5,1]       *              0             0             1 
     6 X[6,1]       *              0             0             1 
     7 X[7,1]       *              0             0             1 
     8 X[8,1]       *              0             0             1 
     9 X[9,1]       *              0             0             1 
    10 X[10,1]      *              0             0             1 
    11 X[11,1]      *              0             0             1 
    12 X[12,1]      *              0             0             1 
    13 X[13,1]      *              0             0             1 
    14 X[14,1]      *              0             0             1 
    15 X[15,1]      *              0             0             1 
    16 X[16,1]      *              0             0             1 
    17 X[17,1]      *              0             0             1 
    18 X[18,1]      *              0             0             1 
    19 X[1,2]       *              0             0             1 
    20 X[2,2]       *              0             0             1 
    21 X[3,2]       *              0             0             1 
    22 X[4,2]       *              0             0             1 
    23 X[5,2]       *              0             0             1 
    24 X[6,2]       *              0             0             1 
    25 X[7,2]       *              0             0             1 
    26 X[8,2]       *              1             0             1 
    27 X[9,2]       *              0             0             1 
    28 X[10,2]      *              0             0             1 
    29 X[11,2]      *              0             0             1 
    30 X[12,2]      *              0             0             1 
    31 X[13,2]      *              0             0             1 
    32 X[14,2]      *              0             0             1 
    33 X[15,2]      *              0             0             1 
    34 X[16,2]      *              0             0             1 
    35 X[17,2]      *              0             0             1 
    36 X[18,2]      *              0             0             1 
    37 X[1,3]       *              1             0             1 
    38 X[2,3]       *              0             0             1 
    39 X[3,3]       *              0             0             1 
    40 X[4,3]       *              0             0             1 
    41 X[5,3]       *              0             0             1 
    42 X[6,3]       *              0             0             1 
    43 X[7,3]       *              0             0             1 
    44 X[8,3]       *              0             0             1 
    45 X[9,3]       *              0             0             1 
    46 X[10,3]      *              0             0             1 
    47 X[11,3]      *              0             0             1 
    48 X[12,3]      *              0             0             1 
    49 X[13,3]      *              0             0             1 
    50 X[14,3]      *              0             0             1 
    51 X[15,3]      *              0             0             1 
    52 X[16,3]      *              0             0             1 
    53 X[17,3]      *              0             0             1 
    54 X[18,3]      *              0             0             1 
    55 X[1,4]       *              0             0             1 
    56 X[2,4]       *              0             0             1 
    57 X[3,4]       *              0             0             1 
    58 X[4,4]       *              0             0             1 
    59 X[5,4]       *              0             0             1 
    60 X[6,4]       *              0             0             1 
    61 X[7,4]       *              1             0             1 
    62 X[8,4]       *              0             0             1 
    63 X[9,4]       *              0             0             1 
    64 X[10,4]      *              0             0             1 
    65 X[11,4]      *              0             0             1 
    66 X[12,4]      *              0             0             1 
    67 X[13,4]      *              0             0             1 
    68 X[14,4]      *              0             0             1 
    69 X[15,4]      *              0             0             1 
    70 X[16,4]      *              0             0             1 
    71 X[17,4]      *              0             0             1 
    72 X[18,4]      *              0             0             1 
    73 X[1,5]       *              0             0             1 
    74 X[2,5]       *              1             0             1 
    75 X[3,5]       *              0             0             1 
    76 X[4,5]       *              0             0             1 
    77 X[5,5]       *              0             0             1 
    78 X[6,5]       *              0             0             1 
    79 X[7,5]       *              0             0             1 
    80 X[8,5]       *              0             0             1 
    81 X[9,5]       *              0             0             1 
    82 X[10,5]      *              0             0             1 
    83 X[11,5]      *              0             0             1 
    84 X[12,5]      *              0             0             1 
    85 X[13,5]      *              0             0             1 
    86 X[14,5]      *              0             0             1 
    87 X[15,5]      *              0             0             1 
    88 X[16,5]      *              0             0             1 
    89 X[17,5]      *              0             0             1 
    90 X[18,5]      *              0             0             1 
    91 X[1,6]       *              0             0             1 
    92 X[2,6]       *              0             0             1 
    93 X[3,6]       *              0             0             1 
    94 X[4,6]       *              0             0             1 
    95 X[5,6]       *              0             0             1 
    96 X[6,6]       *              0             0             1 
    97 X[7,6]       *              0             0             1 
    98 X[8,6]       *              0             0             1 
    99 X[9,6]       *              0             0             1 
   100 X[10,6]      *              0             0             1 
   101 X[11,6]      *              0             0             1 
   102 X[12,6]      *              0             0             1 
   103 X[13,6]      *              1             0             1 
   104 X[14,6]      *              0             0             1 
   105 X[15,6]      *              0             0             1 
   106 X[16,6]      *              0             0             1 
   107 X[17,6]      *              0             0             1 
   108 X[18,6]      *              0             0             1 
   109 X[1,7]       *              0             0             1 
   110 X[2,7]       *              0             0             1 
   111 X[3,7]       *              0             0             1 
   112 X[4,7]       *              0             0             1 
   113 X[5,7]       *              0             0             1 
   114 X[6,7]       *              0             0             1 
   115 X[7,7]       *              0             0             1 
   116 X[8,7]       *              0             0             1 
   117 X[9,7]       *              0             0             1 
   118 X[10,7]      *              1             0             1 
   119 X[11,7]      *              0             0             1 
   120 X[12,7]      *              0             0             1 
   121 X[13,7]      *              0             0             1 
   122 X[14,7]      *              0             0             1 
   123 X[15,7]      *              0             0             1 
   124 X[16,7]      *              0             0             1 
   125 X[17,7]      *              0             0             1 
   126 X[18,7]      *              0             0             1 
   127 X[1,8]       *              0             0             1 
   128 X[2,8]       *              0             0             1 
   129 X[3,8]       *              0             0             1 
   130 X[4,8]       *              0             0             1 
   131 X[5,8]       *              0             0             1 
   132 X[6,8]       *              0             0             1 
   133 X[7,8]       *              0             0             1 
   134 X[8,8]       *              0             0             1 
   135 X[9,8]       *              0             0             1 
   136 X[10,8]      *              0             0             1 
   137 X[11,8]      *              0             0             1 
   138 X[12,8]      *              0             0             1 
   139 X[13,8]      *              0             0             1 
   140 X[14,8]      *              1             0             1 
   141 X[15,8]      *              0             0             1 
   142 X[16,8]      *              0             0             1 
   143 X[17,8]      *              0             0             1 
   144 X[18,8]      *              0             0             1 
   145 X[1,9]       *              0             0             1 
   146 X[2,9]       *              0             0             1 
   147 X[3,9]       *              0             0             1 
   148 X[4,9]       *              1             0             1 
   149 X[5,9]       *              0             0             1 
   150 X[6,9]       *              0             0             1 
   151 X[7,9]       *              0             0             1 
   152 X[8,9]       *              0             0             1 
   153 X[9,9]       *              0             0             1 
   154 X[10,9]      *              0             0             1 
   155 X[11,9]      *              0             0             1 
   156 X[12,9]      *              0             0             1 
   157 X[13,9]      *              0             0             1 
   158 X[14,9]      *              0             0             1 
   159 X[15,9]      *              0             0             1 
   160 X[16,9]      *              0             0             1 
   161 X[17,9]      *              0             0             1 
   162 X[18,9]      *              0             0             1 
   163 X[1,10]      *              0             0             1 
   164 X[2,10]      *              0             0             1 
   165 X[3,10]      *              0             0             1 
   166 X[4,10]      *              0             0             1 
   167 X[5,10]      *              0             0             1 
   168 X[6,10]      *              0             0             1 
   169 X[7,10]      *              0             0             1 
   170 X[8,10]      *              1             0             1 
   171 X[9,10]      *              0             0             1 
   172 X[10,10]     *              0             0             1 
   173 X[11,10]     *              0             0             1 
   174 X[12,10]     *              0             0             1 
   175 X[13,10]     *              0             0             1 
   176 X[14,10]     *              0             0             1 
   177 X[15,10]     *              0             0             1 
   178 X[16,10]     *              0             0             1 
   179 X[17,10]     *              0             0             1 
   180 X[18,10]     *              0             0             1 
   181 X[1,11]      *              0             0             1 
   182 X[2,11]      *              0             0             1 
   183 X[3,11]      *              0             0             1 
   184 X[4,11]      *              0             0             1 
   185 X[5,11]      *              0             0             1 
   186 X[6,11]      *              0             0             1 
   187 X[7,11]      *              0             0             1 
   188 X[8,11]      *              0             0             1 
   189 X[9,11]      *              0             0             1 
   190 X[10,11]     *              0             0             1 
   191 X[11,11]     *              0             0             1 
   192 X[12,11]     *              0             0             1 
   193 X[13,11]     *              0             0             1 
   194 X[14,11]     *              0             0             1 
   195 X[15,11]     *              0             0             1 
   196 X[16,11]     *              0             0             1 
   197 X[17,11]     *              1             0             1 
   198 X[18,11]     *              0             0             1 
   199 X[1,12]      *              0             0             1 
   200 X[2,12]      *              0             0             1 
   201 X[3,12]      *              0             0             1 
   202 X[4,12]      *              0             0             1 
   203 X[5,12]      *              1             0             1 
   204 X[6,12]      *              0             0             1 
   205 X[7,12]      *              0             0             1 
   206 X[8,12]      *              0             0             1 
   207 X[9,12]      *              0             0             1 
   208 X[10,12]     *              0             0             1 
   209 X[11,12]     *              0             0             1 
   210 X[12,12]     *              0             0             1 
   211 X[13,12]     *              0             0             1 
   212 X[14,12]     *              0             0             1 
   213 X[15,12]     *              0             0             1 
   214 X[16,12]     *              0             0             1 
   215 X[17,12]     *              0             0             1 
   216 X[18,12]     *              0             0             1 
   217 X[1,13]      *              0             0             1 
   218 X[2,13]      *              0             0             1 
   219 X[3,13]      *              0             0             1 
   220 X[4,13]      *              0             0             1 
   221 X[5,13]      *              0             0             1 
   222 X[6,13]      *              0             0             1 
   223 X[7,13]      *              0             0             1 
   224 X[8,13]      *              0             0             1 
   225 X[9,13]      *              0             0             1 
   226 X[10,13]     *              0             0             1 
   227 X[11,13]     *              1             0             1 
   228 X[12,13]     *              0             0             1 
   229 X[13,13]     *              0             0             1 
   230 X[14,13]     *              0             0             1 
   231 X[15,13]     *              0             0             1 
   232 X[16,13]     *              0             0             1 
   233 X[17,13]     *              0             0             1 
   234 X[18,13]     *              0             0             1 
   235 X[1,14]      *              0             0             1 
   236 X[2,14]      *              0             0             1 
   237 X[3,14]      *              0             0             1 
   238 X[4,14]      *              0             0             1 
   239 X[5,14]      *              0             0             1 
   240 X[6,14]      *              0             0             1 
   241 X[7,14]      *              0             0             1 
   242 X[8,14]      *              0             0             1 
   243 X[9,14]      *              1             0             1 
   244 X[10,14]     *              0             0             1 
   245 X[11,14]     *              0             0             1 
   246 X[12,14]     *              0             0             1 
   247 X[13,14]     *              0             0             1 
   248 X[14,14]     *              0             0             1 
   249 X[15,14]     *              0             0             1 
   250 X[16,14]     *              0             0             1 
   251 X[17,14]     *              0             0             1 
   252 X[18,14]     *              0             0             1 
   253 X[1,15]      *              0             0             1 
   254 X[2,15]      *              0             0             1 
   255 X[3,15]      *              0             0             1 
   256 X[4,15]      *              0             0             1 
   257 X[5,15]      *              0             0             1 
   258 X[6,15]      *              0             0             1 
   259 X[7,15]      *              0             0             1 
   260 X[8,15]      *              0             0             1 
   261 X[9,15]      *              0             0             1 
   262 X[10,15]     *              0             0             1 
   263 X[11,15]     *              0             0             1 
   264 X[12,15]     *              0             0             1 
   265 X[13,15]     *              0             0             1 
   266 X[14,15]     *              0             0             1 
   267 X[15,15]     *              1             0             1 
   268 X[16,15]     *              0             0             1 
   269 X[17,15]     *              0             0             1 
   270 X[18,15]     *              0             0             1 
   271 X[1,16]      *              0             0             1 
   272 X[2,16]      *              1             0             1 
   273 X[3,16]      *              0             0             1 
   274 X[4,16]      *              0             0             1 
   275 X[5,16]      *              0             0             1 
   276 X[6,16]      *              0             0             1 
   277 X[7,16]      *              0             0             1 
   278 X[8,16]      *              0             0             1 
   279 X[9,16]      *              0             0             1 
   280 X[10,16]     *              0             0             1 
   281 X[11,16]     *              0             0             1 
   282 X[12,16]     *              0             0             1 
   283 X[13,16]     *              0             0             1 
   284 X[14,16]     *              0             0             1 
   285 X[15,16]     *              0             0             1 
   286 X[16,16]     *              0             0             1 
   287 X[17,16]     *              0             0             1 
   288 X[18,16]     *              0             0             1 
   289 X[1,17]      *              0             0             1 
   290 X[2,17]      *              0             0             1 
   291 X[3,17]      *              0             0             1 
   292 X[4,17]      *              0             0             1 
   293 X[5,17]      *              0             0             1 
   294 X[6,17]      *              1             0             1 
   295 X[7,17]      *              0             0             1 
   296 X[8,17]      *              0             0             1 
   297 X[9,17]      *              0             0             1 
   298 X[10,17]     *              0             0             1 
   299 X[11,17]     *              0             0             1 
   300 X[12,17]     *              0             0             1 
   301 X[13,17]     *              0             0             1 
   302 X[14,17]     *              0             0             1 
   303 X[15,17]     *              0             0             1 
   304 X[16,17]     *              0             0             1 
   305 X[17,17]     *              0             0             1 
   306 X[18,17]     *              0             0             1 
   307 X[1,18]      *              0             0             1 
   308 X[2,18]      *              0             0             1 
   309 X[3,18]      *              0             0             1 
   310 X[4,18]      *              0             0             1 
   311 X[5,18]      *              0             0             1 
   312 X[6,18]      *              1             0             1 
   313 X[7,18]      *              0             0             1 
   314 X[8,18]      *              0             0             1 
   315 X[9,18]      *              0             0             1 
   316 X[10,18]     *              0             0             1 
   317 X[11,18]     *              0             0             1 
   318 X[12,18]     *              0             0             1 
   319 X[13,18]     *              0             0             1 
   320 X[14,18]     *              0             0             1 
   321 X[15,18]     *              0             0             1 
   322 X[16,18]     *              0             0             1 
   323 X[17,18]     *              0             0             1 
   324 X[18,18]     *              0             0             1 
   325 X[1,19]      *              0             0             1 
   326 X[2,19]      *              0             0             1 
   327 X[3,19]      *              0             0             1 
   328 X[4,19]      *              0             0             1 
   329 X[5,19]      *              0             0             1 
   330 X[6,19]      *              0             0             1 
   331 X[7,19]      *              0             0             1 
   332 X[8,19]      *              0             0             1 
   333 X[9,19]      *              0             0             1 
   334 X[10,19]     *              0             0             1 
   335 X[11,19]     *              0             0             1 
   336 X[12,19]     *              0             0             1 
   337 X[13,19]     *              0             0             1 
   338 X[14,19]     *              0             0             1 
   339 X[15,19]     *              0             0             1 
   340 X[16,19]     *              1             0             1 
   341 X[17,19]     *              0             0             1 
   342 X[18,19]     *              0             0             1 
   343 X[1,20]      *              0             0             1 
   344 X[2,20]      *              0             0             1 
   345 X[3,20]      *              0             0             1 
   346 X[4,20]      *              0             0             1 
   347 X[5,20]      *              0             0             1 
   348 X[6,20]      *              0             0             1 
   349 X[7,20]      *              0             0             1 
   350 X[8,20]      *              0             0             1 
   351 X[9,20]      *              0             0             1 
   352 X[10,20]     *              0             0             1 
   353 X[11,20]     *              0             0             1 
   354 X[12,20]     *              0             0             1 
   355 X[13,20]     *              0             0             1 
   356 X[14,20]     *              0             0             1 
   357 X[15,20]     *              0             0             1 
   358 X[16,20]     *              0             0             1 
   359 X[17,20]     *              0             0             1 
   360 X[18,20]     *              1             0             1 
   361 y[1]         *              1             0             1 
   362 y[2]         *              1             0             1 
   363 y[3]         *              1             0             1 
   364 y[4]         *              1             0             1 
   365 y[5]         *              1             0             1 
   366 y[6]         *              1             0             1 
   367 y[7]         *              1             0             1 
   368 y[8]         *              1             0             1 
   369 y[9]         *              1             0             1 
   370 y[10]        *              1             0             1 
   371 y[11]        *              1             0             1 
   372 y[12]        *              0             0             1 
   373 y[13]        *              1             0             1 
   374 y[14]        *              1             0             1 
   375 y[15]        *              1             0             1 
   376 y[16]        *              1             0             1 
   377 y[17]        *              1             0             1 
   378 y[18]        *              1             0             1 
   379 w[1]         *              0             0             1 
   380 w[2]         *              0             0             1 
   381 w[3]         *              0             0             1 
   382 w[4]         *              0             0             1 
   383 w[5]         *              0             0             1 
   384 w[6]         *              0             0             1 
   385 w[7]         *              0             0             1 
   386 w[8]         *              0             0             1 
   387 w[9]         *              0             0             1 
   388 w[10]        *              0             0             1 
   389 w[11]        *              0             0             1 
   390 w[12]        *              0             0             1 
   391 w[13]        *              0             0             1 
   392 w[14]        *              0             0             1 
   393 w[15]        *              0             0             1 
   394 w[16]        *              0             0             1 
   395 w[17]        *              0             0             1 
   396 w[18]        *              1             0             1 
   397 z                       1e+06                             

Integer feasibility conditions:

KKT.PE: max.abs.err = 0.00e+00 on row 0
        max.rel.err = 0.00e+00 on row 0
        High quality

KKT.PB: max.abs.err = 0.00e+00 on row 0
        max.rel.err = 0.00e+00 on row 0
        High quality

End of output
